Reading netlist file: "F:\Sipeed\Projects\MyUART\MyCopy\impl\gwsynthesis\MyUART.vg"
Parsing netlist file "F:\Sipeed\Projects\MyUART\MyCopy\impl\gwsynthesis\MyUART.vg" completed
Processing netlist completed
Reading constraint file: "F:\Sipeed\Projects\MyUART\MyCopy\src\UART_TEST_Phy.cst"
Physical Constraint parsed completed
Running placement......
[10%] Placement Phase 0 completed
[20%] Placement Phase 1 completed
[30%] Placement Phase 2 completed
[50%] Placement Phase 3 completed
Running routing......
[60%] Routing Phase 0 completed
[70%] Routing Phase 1 completed
[80%] Routing Phase 2 completed
[90%] Routing Phase 3 completed
Running timing analysis......
[95%] Timing analysis completed
Placement and routing completed
Bitstream generation in progress......
Bitstream generation completed
Running power analysis......
[100%] Power analysis completed
Generate file "F:\Sipeed\Projects\MyUART\MyCopy\impl\pnr\MyUART.power.html" completed
Generate file "F:\Sipeed\Projects\MyUART\MyCopy\impl\pnr\MyUART.pin.html" completed
Generate file "F:\Sipeed\Projects\MyUART\MyCopy\impl\pnr\MyUART.rpt.html" completed
Generate file "F:\Sipeed\Projects\MyUART\MyCopy\impl\pnr\MyUART.rpt.txt" completed
Generate file "F:\Sipeed\Projects\MyUART\MyCopy\impl\pnr\MyUART.tr.html" completed
Sun Dec 04 18:26:22 2022

